生成启动时间为 2015/10/17 16:20:09。
     1>项目“D:\CNN\gentheanopng\gentheanopng\gentheanopng\gentheanopng.vcxproj”在节点 2 上(Build 个目标)。
     1>ClCompile:
         C:\Program Files (x86)\Microsoft Visual Studio 12.0\VC\bin\CL.exe /c /Zi /nologo /W3 /WX- /sdl /O2 /Oi /Oy- /GL /D WIN32 /D NDEBUG /D _CONSOLE /D _LIB /D _CRT_SECURE_NO_WARNINGS /D _UNICODE /D UNICODE /Gm- /EHsc /MD /GS /Gy /fp:precise /Zc:wchar_t /Zc:forScope /Yu"stdafx.h" /Fp"Release\gentheanopng.pch" /Fo"Release\\" /Fd"Release\vc120.pdb" /Gd /TP /analyze- /errorReport:prompt gentheanopng.cpp
         gentheanopng.cpp
     1>gentheanopng.cpp(183): warning C4244: “=”: 从“double”转换到“float”，可能丢失数据
     1>gentheanopng.cpp(184): warning C4244: “=”: 从“double”转换到“float”，可能丢失数据
     1>gentheanopng.cpp(206): warning C4101: “datasetwhiteid”: 未引用的局部变量
     1>gentheanopng.cpp(209): warning C4101: “dimsdatawhite”: 未引用的局部变量
     1>gentheanopng.cpp(206): warning C4101: “labelid”: 未引用的局部变量
     1>gentheanopng.cpp(206): warning C4101: “labelspaceid”: 未引用的局部变量
     1>gentheanopng.cpp(209): warning C4101: “dimslabel”: 未引用的局部变量
     1>gentheanopng.cpp(206): warning C4101: “dataspacewhiteid”: 未引用的局部变量
       Link:
         C:\Program Files (x86)\Microsoft Visual Studio 12.0\VC\bin\link.exe /ERRORREPORT:PROMPT /OUT:"D:\CNN\gentheanopng\gentheanopng\Release\gentheanopng.exe" /INCREMENTAL:NO /NOLOGO szip.lib zlib.lib hdf5.lib hdf5_cpp.lib opencv_ts300.lib opencv_world300.lib IlmImf.lib ippicvmt.lib libjasper.lib libjpeg.lib libpng.lib libtiff.lib libwebp.lib opencv_calib3d300.lib opencv_core300.lib opencv_features2d300.lib opencv_flann300.lib opencv_highgui300.lib opencv_imgcodecs300.lib opencv_imgproc300.lib opencv_ml300.lib opencv_objdetect300.lib opencv_photo300.lib opencv_shape300.lib opencv_stitching300.lib opencv_superres300.lib opencv_video300.lib opencv_videoio300.lib opencv_videostab300.lib zlib.lib kernel32.lib user32.lib gdi32.lib winspool.lib comdlg32.lib advapi32.lib shell32.lib ole32.lib oleaut32.lib uuid.lib odbc32.lib odbccp32.lib /MANIFEST /MANIFESTUAC:"level='asInvoker' uiAccess='false'" /manifest:embed /DEBUG /PDB:"D:\CNN\gentheanopng\gentheanopng\Release\gentheanopng.pdb" /SUBSYSTEM:CONSOLE /OPT:REF /OPT:ICF /LTCG /TLBID:1 /DYNAMICBASE /NXCOMPAT /IMPLIB:"D:\CNN\gentheanopng\gentheanopng\Release\gentheanopng.lib" /MACHINE:X86 /SAFESEH Release\gentheanopng.obj
         Release\stdafx.obj
         正在生成代码
         已完成代码的生成
         gentheanopng.vcxproj -> D:\CNN\gentheanopng\gentheanopng\Release\gentheanopng.exe
     1>已完成生成项目“D:\CNN\gentheanopng\gentheanopng\gentheanopng\gentheanopng.vcxproj”(Build 个目标)的操作。

生成成功。

已用时间 00:00:01.52
