生成启动时间为 2016/1/18 16:06:12。
     1>项目“D:\CNN\genxyzdirect\genxyzdirect\genxyzdirect\genxyzdirect.vcxproj”在节点 2 上(Build 个目标)。
     1>ClCompile:
         C:\Program Files (x86)\Microsoft Visual Studio 12.0\VC\bin\CL.exe /c /ZI /nologo /W3 /WX- /sdl /Od /Oy- /D WIN32 /D _DEBUG /D _CONSOLE /D _LIB /D _CRT_SECURE_NO_WARNINGS /D _UNICODE /D UNICODE /Gm /EHsc /RTC1 /MDd /GS /fp:precise /Zc:wchar_t /Zc:forScope /Yu"stdafx.h" /Fp"Debug\genxyzdirect.pch" /Fo"Debug\\" /Fd"Debug\vc120.pdb" /Gd /TP /analyze- /errorReport:prompt genxyzdirect.cpp
         genxyzdirect.cpp
     1>d:\cnn\genxyzdirect\genxyzdirect\genxyzdirect\genxyzdirect.cpp(112): warning C4244: “初始化”: 从“int”转换到“float”，可能丢失数据
     1>d:\cnn\genxyzdirect\genxyzdirect\genxyzdirect\genxyzdirect.cpp(123): warning C4244: “=”: 从“double”转换到“float”，可能丢失数据
     1>d:\cnn\genxyzdirect\genxyzdirect\genxyzdirect\genxyzdirect.cpp(136): warning C4244: “初始化”: 从“double”转换到“float”，可能丢失数据
     1>d:\cnn\genxyzdirect\genxyzdirect\genxyzdirect\genxyzdirect.cpp(137): warning C4244: “初始化”: 从“double”转换到“float”，可能丢失数据
     1>d:\cnn\genxyzdirect\genxyzdirect\genxyzdirect\genxyzdirect.cpp(172): warning C4244: “=”: 从“double”转换到“float”，可能丢失数据
     1>d:\cnn\genxyzdirect\genxyzdirect\genxyzdirect\genxyzdirect.cpp(181): warning C4101: “datasetwhiteid”: 未引用的局部变量
     1>d:\cnn\genxyzdirect\genxyzdirect\genxyzdirect\genxyzdirect.cpp(184): warning C4101: “dimsdataori”: 未引用的局部变量
     1>d:\cnn\genxyzdirect\genxyzdirect\genxyzdirect\genxyzdirect.cpp(181): warning C4101: “dataspacewhiteid”: 未引用的局部变量
     1>d:\cnn\genxyzdirect\genxyzdirect\genxyzdirect\genxyzdirect.cpp(181): warning C4101: “dataspaceoriid”: 未引用的局部变量
     1>d:\cnn\genxyzdirect\genxyzdirect\genxyzdirect\genxyzdirect.cpp(181): warning C4101: “datasetoriid”: 未引用的局部变量
       Link:
         C:\Program Files (x86)\Microsoft Visual Studio 12.0\VC\bin\link.exe /ERRORREPORT:PROMPT /OUT:"D:\CNN\genxyzdirect\genxyzdirect\Debug\genxyzdirect.exe" /INCREMENTAL /NOLOGO szip.lib zlib.lib hdf5.lib hdf5_cpp.lib opencv_ts300d.lib opencv_world300d.lib IlmImfd.lib libjasperd.lib libjpegd.lib libpngd.lib libtiffd.lib libwebpd.lib opencv_calib3d300d.lib opencv_core300d.lib opencv_features2d300d.lib opencv_flann300d.lib opencv_highgui300d.lib opencv_imgcodecs300d.lib opencv_imgproc300d.lib opencv_ml300d.lib opencv_objdetect300d.lib opencv_photo300d.lib opencv_shape300d.lib opencv_stitching300d.lib opencv_superres300d.lib opencv_video300d.lib opencv_videoio300d.lib opencv_videostab300d.lib zlibd.lib kernel32.lib user32.lib gdi32.lib winspool.lib comdlg32.lib advapi32.lib shell32.lib ole32.lib oleaut32.lib uuid.lib odbc32.lib odbccp32.lib /MANIFEST /MANIFESTUAC:"level='asInvoker' uiAccess='false'" /manifest:embed /DEBUG /PDB:"D:\CNN\genxyzdirect\genxyzdirect\Debug\genxyzdirect.pdb" /SUBSYSTEM:CONSOLE /TLBID:1 /DYNAMICBASE /NXCOMPAT /IMPLIB:"D:\CNN\genxyzdirect\genxyzdirect\Debug\genxyzdirect.lib" /MACHINE:X86 Debug\genxyzdirect.obj
         Debug\stdafx.obj
         genxyzdirect.vcxproj -> D:\CNN\genxyzdirect\genxyzdirect\Debug\genxyzdirect.exe
     1>已完成生成项目“D:\CNN\genxyzdirect\genxyzdirect\genxyzdirect\genxyzdirect.vcxproj”(Build 个目标)的操作。

生成成功。

已用时间 00:00:00.96
